[{"line":1,"elements":[{"start_timestamp":"2022-11-20T13:10:08.443Z","line":15,"name":"The user is able to change their password","description":"","id":"checking-change-password-functionality;the-user-is-able-to-change-their-password;;2","type":"scenario","keyword":"Scenario Outline","steps":[{"result":{"duration":32882057400,"status":"passed"},"line":5,"name":"user is logged in with correctpassword","match":{"location":"StepDefinitions.ChangePasswordSteps.user_is_logged_in_with_correctpassword()"},"keyword":"Given "},{"result":{"status":"passed"},"line":6,"name":"I have a valid correctpassword and anotherpassword","match":{"location":"StepDefinitions.ChangePasswordSteps.i_have_a_valid_correctpassword_and_anotherpassword()"},"keyword":"And "},{"result":{"duration":24616011000,"status":"passed"},"line":7,"name":"I open the Edit Details page","match":{"location":"StepDefinitions.ChangePasswordSteps.i_open_the_edit_details_page()"},"keyword":"When "},{"result":{"error_message":"org.openqa.selenium.NoSuchElementException: no such element: Unable to locate element: {\"method\":\"xpath\",\"selector\":\"//input[@name='currentPassword']\"}\n  (Session info: chrome=107.0.5304.107)\nFor documentation on this error, please visit: https://selenium.dev/exceptions/#no_such_element\nBuild info: version: '4.5.2', revision: '702c64f787c'\nSystem info: os.name: 'Windows 10', os.arch: 'amd64', os.version: '10.0', java.version: '18'\nDriver info: org.openqa.selenium.chrome.ChromeDriver\nCommand: [40bb45d5b7b228ff7f9ee976709c8e89, findElement {using=xpath, value=//input[@name='currentPassword']}]\nCapabilities {acceptInsecureCerts: false, browserName: chrome, browserVersion: 107.0.5304.107, chrome: {chromedriverVersion: 106.0.5249.61 (511755355844..., userDataDir: C:\\Users\\SOHAIB~1\\AppData\\L...}, goog:chromeOptions: {debuggerAddress: localhost:52283}, networkConnectionEnabled: false, pageLoadStrategy: normal, platformName: WINDOWS, proxy: Proxy(), se:cdp: ws://localhost:52283/devtoo..., se:cdpVersion: 107.0.5304.107, setWindowRect: true, strictFileInteractability: false, timeouts: {implicit: 0, pageLoad: 300000, script: 30000}, unhandledPromptBehavior: dismiss and notify, webauthn:extension:credBlob: true, webauthn:extension:largeBlob: true, webauthn:virtualAuthenticators: true}\nSession ID: 40bb45d5b7b228ff7f9ee976709c8e89\r\n\tat java.base/jdk.internal.reflect.DirectConstructorHandleAccessor.newInstance(DirectConstructorHandleAccessor.java:67)\r\n\tat java.base/java.lang.reflect.Constructor.newInstanceWithCaller(Constructor.java:499)\r\n\tat java.base/java.lang.reflect.Constructor.newInstance(Constructor.java:483)\r\n\tat org.openqa.selenium.remote.codec.w3c.W3CHttpResponseCodec.createException(W3CHttpResponseCodec.java:200)\r\n\tat org.openqa.selenium.remote.codec.w3c.W3CHttpResponseCodec.decode(W3CHttpResponseCodec.java:133)\r\n\tat org.openqa.selenium.remote.codec.w3c.W3CHttpResponseCodec.decode(W3CHttpResponseCodec.java:53)\r\n\tat org.openqa.selenium.remote.HttpCommandExecutor.execute(HttpCommandExecutor.java:184)\r\n\tat org.openqa.selenium.remote.service.DriverCommandExecutor.invokeExecute(DriverCommandExecutor.java:167)\r\n\tat org.openqa.selenium.remote.service.DriverCommandExecutor.execute(DriverCommandExecutor.java:142)\r\n\tat org.openqa.selenium.remote.RemoteWebDriver.execute(RemoteWebDriver.java:541)\r\n\tat org.openqa.selenium.remote.ElementLocation$ElementFinder$2.findElement(ElementLocation.java:162)\r\n\tat org.openqa.selenium.remote.ElementLocation.findElement(ElementLocation.java:60)\r\n\tat org.openqa.selenium.remote.RemoteWebDriver.findElement(RemoteWebDriver.java:365)\r\n\tat org.openqa.selenium.remote.RemoteWebDriver.findElement(RemoteWebDriver.java:357)\r\n\tat StepDefinitions.ChangePasswordSteps.i_enter_correctpassword_and_anotherpassword(ChangePasswordSteps.java:55)\r\n\tat ✽.I enter correctpassword and anotherpassword(file:///F:/5TH%20SEMESTER/SQE/SQEPROJECTPHASE2/Selenium-Cucumber-TestNG-Maven/src/test/resources/features/zarmeenfeatures/changepassword.feature:8)\r\n","duration":40849200,"status":"failed"},"line":8,"name":"I enter correctpassword and anotherpassword","match":{"location":"StepDefinitions.ChangePasswordSteps.i_enter_correctpassword_and_anotherpassword()"},"keyword":"And "},{"result":{"status":"skipped"},"line":9,"name":"I confirm anotherpassword","match":{"location":"StepDefinitions.ChangePasswordSteps.i_confirm_anotherpassword()"},"keyword":"And "},{"result":{"status":"skipped"},"line":10,"name":"I click on Apply","match":{"location":"StepDefinitions.ChangePasswordSteps.i_click_on_apply()"},"keyword":"And "},{"result":{"status":"skipped"},"line":11,"name":"my password is changed successfully","match":{"location":"StepDefinitions.ChangePasswordSteps.my_password_is_changed_successfully()"},"keyword":"Then "}]},{"start_timestamp":"2022-11-20T13:11:06.112Z","line":16,"name":"The user is able to change their password","description":"","id":"checking-change-password-functionality;the-user-is-able-to-change-their-password;;3","type":"scenario","keyword":"Scenario Outline","steps":[{"result":{"duration":37550061400,"status":"passed"},"line":5,"name":"user is logged in with alsoapassword","match":{"location":"StepDefinitions.ChangePasswordSteps.user_is_logged_in_with_alsoapassword()"},"keyword":"Given "},{"result":{"duration":1002800,"status":"passed"},"line":6,"name":"I have a valid alsoapassword and mypass12","match":{"location":"StepDefinitions.ChangePasswordSteps.i_have_a_valid_alsoapassword_and_mypass12()"},"keyword":"And "},{"result":{"error_message":"org.openqa.selenium.NoSuchWindowException: no such window: target window already closed\nfrom unknown error: web view not found\n  (Session info: chrome=107.0.5304.107)\nBuild info: version: '4.5.2', revision: '702c64f787c'\nSystem info: os.name: 'Windows 10', os.arch: 'amd64', os.version: '10.0', java.version: '18'\nDriver info: org.openqa.selenium.chrome.ChromeDriver\nCommand: [9a58cb2b416b7cdc8a9f77f8c144350a, get {url=https://www.shoecarnival.com/profile}]\nCapabilities {acceptInsecureCerts: false, browserName: chrome, browserVersion: 107.0.5304.107, chrome: {chromedriverVersion: 106.0.5249.61 (511755355844..., userDataDir: C:\\Users\\SOHAIB~1\\AppData\\L...}, goog:chromeOptions: {debuggerAddress: localhost:52526}, networkConnectionEnabled: false, pageLoadStrategy: normal, platformName: WINDOWS, proxy: Proxy(), se:cdp: ws://localhost:52526/devtoo..., se:cdpVersion: 107.0.5304.107, setWindowRect: true, strictFileInteractability: false, timeouts: {implicit: 0, pageLoad: 300000, script: 30000}, unhandledPromptBehavior: dismiss and notify, webauthn:extension:credBlob: true, webauthn:extension:largeBlob: true, webauthn:virtualAuthenticators: true}\nSession ID: 9a58cb2b416b7cdc8a9f77f8c144350a\r\n\tat java.base/jdk.internal.reflect.DirectConstructorHandleAccessor.newInstance(DirectConstructorHandleAccessor.java:67)\r\n\tat java.base/java.lang.reflect.Constructor.newInstanceWithCaller(Constructor.java:499)\r\n\tat java.base/java.lang.reflect.Constructor.newInstance(Constructor.java:483)\r\n\tat org.openqa.selenium.remote.codec.w3c.W3CHttpResponseCodec.createException(W3CHttpResponseCodec.java:200)\r\n\tat org.openqa.selenium.remote.codec.w3c.W3CHttpResponseCodec.decode(W3CHttpResponseCodec.java:133)\r\n\tat org.openqa.selenium.remote.codec.w3c.W3CHttpResponseCodec.decode(W3CHttpResponseCodec.java:53)\r\n\tat org.openqa.selenium.remote.HttpCommandExecutor.execute(HttpCommandExecutor.java:184)\r\n\tat org.openqa.selenium.remote.service.DriverCommandExecutor.invokeExecute(DriverCommandExecutor.java:167)\r\n\tat org.openqa.selenium.remote.service.DriverCommandExecutor.execute(DriverCommandExecutor.java:142)\r\n\tat org.openqa.selenium.remote.RemoteWebDriver.execute(RemoteWebDriver.java:541)\r\n\tat org.openqa.selenium.remote.RemoteWebDriver.get(RemoteWebDriver.java:310)\r\n\tat org.openqa.selenium.remote.RemoteWebDriver$RemoteNavigation.to(RemoteWebDriver.java:981)\r\n\tat StepDefinitions.ChangePasswordSteps.i_open_the_edit_details_page(ChangePasswordSteps.java:49)\r\n\tat ✽.I open the Edit Details page(file:///F:/5TH%20SEMESTER/SQE/SQEPROJECTPHASE2/Selenium-Cucumber-TestNG-Maven/src/test/resources/features/zarmeenfeatures/changepassword.feature:7)\r\n","duration":3994100,"status":"failed"},"line":7,"name":"I open the Edit Details page","match":{"location":"StepDefinitions.ChangePasswordSteps.i_open_the_edit_details_page()"},"keyword":"When "},{"result":{"status":"skipped"},"line":8,"name":"I enter alsoapassword and mypass12","match":{"location":"StepDefinitions.ChangePasswordSteps.i_enter_alsoapassword_and_mypass12()"},"keyword":"And "},{"result":{"status":"skipped"},"line":9,"name":"I confirm mypass12","match":{"location":"StepDefinitions.ChangePasswordSteps.i_confirm_mypass12()"},"keyword":"And "},{"result":{"status":"skipped"},"line":10,"name":"I click on Apply","match":{"location":"StepDefinitions.ChangePasswordSteps.i_click_on_apply()"},"keyword":"And "},{"result":{"status":"skipped"},"line":11,"name":"my password is changed successfully","match":{"location":"StepDefinitions.ChangePasswordSteps.my_password_is_changed_successfully()"},"keyword":"Then "}]}],"name":"Checking change password functionality","description":"","id":"checking-change-password-functionality","keyword":"Feature","uri":"file:src/test/resources/features/zarmeenfeatures/changepassword.feature","tags":[]}]